<?xml version="1.0" encoding="UTF-8"?>
<!-- Generated by org.testng.reporters.JUnitReportReporter -->
<testsuite hostname="DESKTOP-DBIVSDO" name="Csv.CsvfileReading" tests="1" failures="0" timestamp="12 Apr 2022 08:58:36 GMT" time="53.941" errors="0">
  <testcase name="locatorsTestingBlog" time="53.941" classname="Csv.CsvfileReading"/>
</testsuite> <!-- Csv.CsvfileReading -->
